# JRE version: OpenJDK Runtime Environment 18.9 (11.0.11+9) (build 11.0.11+9)
# Java VM: OpenJDK 64-Bit Server VM 18.9 (11.0.11+9, mixed mode, tiered, compressed oops, g1 gc, windows-amd64)
Heap:
 garbage-first heap   total 262144K, used 80733K [0x0000000740000000, 0x0000000800000000)
  region size 1024K, 5 young (5120K), 1 survivors (1024K)
 Metaspace       used 109774K, capacity 111620K, committed 113516K, reserved 1148928K
  class space    used 13673K, capacity 14450K, committed 15104K, reserved 1048576K
GC Heap History (20 events):
Event: 3662.526 GC heap before
{Heap before GC invocations=381 (full 220):
 garbage-first heap   total 262144K, used 137622K [0x0000000740000000, 0x0000000800000000)
  region size 1024K, 60 young (61440K), 2 survivors (2048K)
 Metaspace       used 109645K, capacity 111479K, committed 113516K, reserved 1148928K
  class space    used 13671K, capacity 14448K, committed 15104K, reserved 1048576K
}
Event: 3662.527 GC heap after
{Heap after GC invocations=382 (full 220):
 garbage-first heap   total 262144K, used 77590K [0x0000000740000000, 0x0000000800000000)
  region size 1024K, 1 young (1024K), 1 survivors (1024K)
 Metaspace       used 109645K, capacity 111479K, committed 113516K, reserved 1148928K
  class space    used 13671K, capacity 14448K, committed 15104K, reserved 1048576K
}
Event: 3666.737 GC heap before
{Heap before GC invocations=382 (full 220):
 garbage-first heap   total 262144K, used 93974K [0x0000000740000000, 0x0000000800000000)
  region size 1024K, 18 young (18432K), 1 survivors (1024K)
 Metaspace       used 109653K, capacity 111479K, committed 113516K, reserved 1148928K
  class space    used 13671K, capacity 14448K, committed 15104K, reserved 1048576K
}
Event: 3666.789 GC heap after
{Heap after GC invocations=383 (full 221):
 garbage-first heap   total 262144K, used 76743K [0x0000000740000000, 0x0000000800000000)
  region size 1024K, 0 young (0K), 0 survivors (0K)
 Metaspace       used 109653K, capacity 111479K, committed 113516K, reserved 1148928K
  class space    used 13671K, capacity 14448K, committed 15104K, reserved 1048576K
}
Event: 3668.565 GC heap before
{Heap before GC invocations=383 (full 221):
 garbage-first heap   total 262144K, used 138183K [0x0000000740000000, 0x0000000800000000)
  region size 1024K, 60 young (61440K), 0 survivors (0K)
 Metaspace       used 109671K, capacity 111491K, committed 113516K, reserved 1148928K
  class space    used 13672K, capacity 14450K, committed 15104K, reserved 1048576K
}
Event: 3668.566 GC heap after
{Heap after GC invocations=384 (full 221):
 garbage-first heap   total 262144K, used 77174K [0x0000000740000000, 0x0000000800000000)
  region size 1024K, 1 young (1024K), 1 survivors (1024K)
 Metaspace       used 109671K, capacity 111491K, committed 113516K, reserved 1148928K
  class space    used 13672K, capacity 14450K, committed 15104K, reserved 1048576K
}
Event: 3744.297 GC heap before
{Heap before GC invocations=384 (full 221):
 garbage-first heap   total 262144K, used 137590K [0x0000000740000000, 0x0000000800000000)
  region size 1024K, 60 young (61440K), 1 survivors (1024K)
 Metaspace       used 109677K, capacity 111491K, committed 113516K, reserved 1148928K
  class space    used 13672K, capacity 14450K, committed 15104K, reserved 1048576K
}
Event: 3744.298 GC heap after
{Heap after GC invocations=385 (full 221):
 garbage-first heap   total 262144K, used 77586K [0x0000000740000000, 0x0000000800000000)
  region size 1024K, 1 young (1024K), 1 survivors (1024K)
 Metaspace       used 109677K, capacity 111491K, committed 113516K, reserved 1148928K
  class space    used 13672K, capacity 14450K, committed 15104K, reserved 1048576K
}
Event: 3746.260 GC heap before
{Heap before GC invocations=385 (full 221):
 garbage-first heap   total 262144K, used 138002K [0x0000000740000000, 0x0000000800000000)
  region size 1024K, 60 young (61440K), 1 survivors (1024K)
 Metaspace       used 109701K, capacity 111491K, committed 113516K, reserved 1148928K
  class space    used 13672K, capacity 14450K, committed 15104K, reserved 1048576K
}
Event: 3746.261 GC heap after
{Heap after GC invocations=386 (full 221):
 garbage-first heap   total 262144K, used 77422K [0x0000000740000000, 0x0000000800000000)
  region size 1024K, 1 young (1024K), 1 survivors (1024K)
 Metaspace       used 109701K, capacity 111491K, committed 113516K, reserved 1148928K
  class space    used 13672K, capacity 14450K, committed 15104K, reserved 1048576K
}
Event: 3746.791 GC heap before
{Heap before GC invocations=386 (full 221):
 garbage-first heap   total 262144K, used 137838K [0x0000000740000000, 0x0000000800000000)
  region size 1024K, 60 young (61440K), 1 survivors (1024K)
 Metaspace       used 109734K, capacity 111556K, committed 113516K, reserved 1148928K
  class space    used 13672K, capacity 14450K, committed 15104K, reserved 1048576K
}
Event: 3746.792 GC heap after
{Heap after GC invocations=387 (full 221):
 garbage-first heap   total 262144K, used 77618K [0x0000000740000000, 0x0000000800000000)
  region size 1024K, 1 young (1024K), 1 survivors (1024K)
 Metaspace       used 109734K, capacity 111556K, committed 113516K, reserved 1148928K
  class space    used 13672K, capacity 14450K, committed 15104K, reserved 1048576K
}
Event: 3748.502 GC heap before
{Heap before GC invocations=387 (full 221):
 garbage-first heap   total 262144K, used 138034K [0x0000000740000000, 0x0000000800000000)
  region size 1024K, 60 young (61440K), 1 survivors (1024K)
 Metaspace       used 109750K, capacity 111556K, committed 113516K, reserved 1148928K
  class space    used 13672K, capacity 14450K, committed 15104K, reserved 1048576K
}
Event: 3748.503 GC heap after
{Heap after GC invocations=388 (full 221):
 garbage-first heap   total 262144K, used 78823K [0x0000000740000000, 0x0000000800000000)
  region size 1024K, 3 young (3072K), 3 survivors (3072K)
 Metaspace       used 109750K, capacity 111556K, committed 113516K, reserved 1148928K
  class space    used 13672K, capacity 14450K, committed 15104K, reserved 1048576K
}
Event: 3753.021 GC heap before
{Heap before GC invocations=388 (full 221):
 garbage-first heap   total 262144K, used 137191K [0x0000000740000000, 0x0000000800000000)
  region size 1024K, 60 young (61440K), 3 survivors (3072K)
 Metaspace       used 109768K, capacity 111620K, committed 113516K, reserved 1148928K
  class space    used 13673K, capacity 14450K, committed 15104K, reserved 1048576K
}
Event: 3753.022 GC heap after
{Heap after GC invocations=389 (full 221):
 garbage-first heap   total 262144K, used 77713K [0x0000000740000000, 0x0000000800000000)
  region size 1024K, 1 young (1024K), 1 survivors (1024K)
 Metaspace       used 109768K, capacity 111620K, committed 113516K, reserved 1148928K
  class space    used 13673K, capacity 14450K, committed 15104K, reserved 1048576K
}
Event: 3755.170 GC heap before
{Heap before GC invocations=389 (full 221):
 garbage-first heap   total 262144K, used 138129K [0x0000000740000000, 0x0000000800000000)
  region size 1024K, 60 young (61440K), 1 survivors (1024K)
 Metaspace       used 109771K, capacity 111620K, committed 113516K, reserved 1148928K
  class space    used 13673K, capacity 14450K, committed 15104K, reserved 1048576K
}
Event: 3755.171 GC heap after
{Heap after GC invocations=390 (full 221):
 garbage-first heap   total 262144K, used 77628K [0x0000000740000000, 0x0000000800000000)
  region size 1024K, 1 young (1024K), 1 survivors (1024K)
 Metaspace       used 109771K, capacity 111620K, committed 113516K, reserved 1148928K
  class space    used 13673K, capacity 14450K, committed 15104K, reserved 1048576K
}
Event: 3757.365 GC heap before
{Heap before GC invocations=390 (full 221):
 garbage-first heap   total 262144K, used 138044K [0x0000000740000000, 0x0000000800000000)
  region size 1024K, 60 young (61440K), 1 survivors (1024K)
 Metaspace       used 109774K, capacity 111620K, committed 113516K, reserved 1148928K
  class space    used 13673K, capacity 14450K, committed 15104K, reserved 1048576K
}
Event: 3757.366 GC heap after
{Heap after GC invocations=391 (full 221):
 garbage-first heap   total 262144K, used 77661K [0x0000000740000000, 0x0000000800000000)
  region size 1024K, 1 young (1024K), 1 survivors (1024K)
 Metaspace       used 109774K, capacity 111620K, committed 113516K, reserved 1148928K
  class space    used 13673K, capacity 14450K, committed 15104K, reserved 1048576K
}

